<?xml version="1.0" encoding="UTF-8"?>
<!-- Generated by org.testng.reporters.JUnitReportReporter -->
<testsuite hostname="LAPTOP-AADHNP75" failures="0" tests="3" name="testCases.TC002_LoginTest" time="4.624" errors="0" timestamp="26 Jul 2024 09:40:40 GMT" skipped="0">
  <testcase classname="testCases.TC002_LoginTest" name="verifyLogin" time="1.441"/>
  <testcase classname="testCases.TC002_LoginTest" name="verifyLogin" time="1.770"/>
  <testcase classname="testCases.TC002_LoginTest" name="verifyLogin" time="1.413"/>
</testsuite> <!-- testCases.TC002_LoginTest -->
