<?xml version="1.0" encoding="UTF-8"?>
<!-- Generated by org.testng.reporters.JUnitReportReporter -->
<testsuite hostname="LAPTOP-AADHNP75" failures="0" tests="3" name="testCases.TC003_LoginTestDTT" time="6.060" errors="0" timestamp="28 Jul 2024 07:20:34 GMT" skipped="0">
  <testcase classname="testCases.TC003_LoginTestDTT" name="verifyLogin" time="1.875"/>
  <testcase classname="testCases.TC003_LoginTestDTT" name="verifyLogin" time="2.176"/>
  <testcase classname="testCases.TC003_LoginTestDTT" name="verifyLogin" time="2.009"/>
</testsuite> <!-- testCases.TC003_LoginTestDTT -->
