<?xml version="1.0" encoding="UTF-8"?>
<!-- Generated by org.testng.reporters.JUnitReportReporter -->
<testsuite hostname="LAPTOP-AADHNP75" failures="0" tests="1" name="testCases.TC001_AccountRegistrationTest" time="3.464" errors="0" timestamp="28 Jul 2024 07:20:34 GMT" skipped="0">
  <testcase classname="testCases.TC001_AccountRegistrationTest" name="verifyAccountRegistration" time="3.464"/>
</testsuite> <!-- testCases.TC001_AccountRegistrationTest -->
