<?xml version="1.0" encoding="UTF-8"?>
<!-- Generated by org.testng.reporters.JUnitReportReporter -->
<testsuite hostname="LAPTOP-AADHNP75" failures="0" tests="3" name="testCases.TC002_LoginTest" time="5.514" errors="0" timestamp="26 Jul 2024 12:14:31 GMT" skipped="0">
  <testcase classname="testCases.TC002_LoginTest" name="verifyLogin" time="2.376"/>
  <testcase classname="testCases.TC002_LoginTest" name="verifyLogin" time="1.649"/>
  <testcase classname="testCases.TC002_LoginTest" name="verifyLogin" time="1.489"/>
</testsuite> <!-- testCases.TC002_LoginTest -->
